#
# A fatal error has been detected by the Java Runtime Environment:
#
#  SIGSEGV (0xb) at pc=0x000000010aa46908, pid=2897, tid=16643
#
# JRE version: Java(TM) SE Runtime Environment (8.0_65-b17) (build 1.8.0_65-b17)
# Java VM: Java HotSpot(TM) 64-Bit Server VM (25.65-b01 mixed mode bsd-amd64 compressed oops)
# Problematic frame:
# V  [libjvm.dylib+0x446908]  Method::checked_resolve_jmethod_id(_jmethodID*)+0xe
#
# Failed to write core dump. Core dumps have been disabled. To enable core dumping, try "ulimit -c unlimited" before starting Java again
#
# If you would like to submit a bug report, please visit:
#   http://bugreport.java.com/bugreport/crash.jsp
#

---------------  T H R E A D  ---------------

Current thread (0x00007fd843026000):  JavaThread "JDWP Transport Listener: dt_socket" daemon [_thread_in_vm, id=16643, stack(0x0000000120abd000,0x0000000120bbd000)]

siginfo: si_signo: 11 (SIGSEGV), si_code: 0 (unknown), si_addr: 0x0000000000000000

Registers:
RAX=0x0000000000000001, RBX=0x0000000120bbca8b, RCX=0x000000010ae15310, RDX=0x0000000120bbca8b
RSP=0x0000000120bbc9d0, RBP=0x0000000120bbc9e0, RSI=0x00007fd843026000, RDI=0xb000000000000000
R8 =0x0000000000000000, R9 =0x00007fd841600000, R10=0x0000000000000010, R11=0x00007fd841600000
R12=0x00007fd843026000, R13=0xb000000000000000, R14=0xb000000000000000, R15=0x00007fd841600c70
RIP=0x000000010aa46908, EFLAGS=0x0000000000010286, ERR=0x0000000000000000
  TRAPNO=0x000000000000000d

Top of Stack: (sp=0x0000000120bbc9d0)
0x0000000120bbc9d0:   0000000120bbca8b 0000000120bbca8b
0x0000000120bbc9e0:   0000000120bbca40 000000010a955a02
0x0000000120bbc9f0:   00007fd843026000 0000000000000000
0x0000000120bbca00:   0000000000000000 0000000000000000
0x0000000120bbca10:   00007fd843026000 00007fd843026000
0x0000000120bbca20:   0000000120bbca8b 0000000120bbca90
0x0000000120bbca30:   b000000000000000 0000000000000005
0x0000000120bbca40:   0000000120bbca60 0000000109dbc780
0x0000000120bbca50:   0000000000000001 0000000120bbcb08
0x0000000120bbca60:   0000000120bbcad0 0000000109da11f3
0x0000000120bbca70:   0000000120bbcaa0 00007fd84160c080
0x0000000120bbca80:   0000000600000032 0000000a00bbcb08
0x0000000120bbca90:   0000000000000000 0000000000000000
0x0000000120bbcaa0:   0000000000000000 0000000120bbcc90
0x0000000120bbcab0:   0000000109dc3e7a 00007fd84153d220
0x0000000120bbcac0:   0000000120bbcb08 0000000109dcf598
0x0000000120bbcad0:   0000000120bbcae0 0000000109da12ec
0x0000000120bbcae0:   0000000120bbcd00 0000000109daa898
0x0000000120bbcaf0:   0000039100000013 00000000000f0200
0x0000000120bbcb00:   00007fd84153c530 0000000120bbcc1b
0x0000000120bbcb10:   00007fd800000069 0000000120bbcb20
0x0000000120bbcb20:   00007fd8000000c3 0000000120bbcb58
0x0000000120bbcb30:   0000000000000000 00007f0000000000
0x0000000120bbcb40:   0000039100000030 00007fff00005780
0x0000000120bbcb50:   0000000120bbcb58 d87f000006000000
0x0000000120bbcb60:   0600000020bd5341 00003e74696e693c
0x0000000120bbcb70:   0000005629280300 7f00000100000000
0x0000000120bbcb80:   00000080064341d8 0000006e69616d04
0x0000000120bbcb90:   6176616a4c5b2816 74532f676e616c2f
0x0000000120bbcba0:   0056293b676e6972 0009000000000000
0x0000000120bbcbb0:   0030bd5341d87f00 43747365740a0000
0x0000000120bbcbc0:   0000006574616572 0000000056292803 

Instructions: (pc=0x000000010aa46908)
0x000000010aa468e8:   40 48 48 85 c0 75 e0 30 c0 0f b6 c0 5d c3 31 c0
0x000000010aa468f8:   5d c3 55 48 89 e5 53 48 83 ec 08 48 85 ff 74 24
0x000000010aa46908:   48 8b 1f 48 85 db 74 1c 48 83 fb 37 74 16 48 8b
0x000000010aa46918:   03 48 89 df ff 50 10 84 c0 b8 00 00 00 00 48 0f 

Register to memory mapping:

RAX=0x0000000000000001 is an unknown value
RBX=0x0000000120bbca8b is pointing into the stack for thread: 0x00007fd843026000
RCX=0x000000010ae15310: UseMembar+0 in /Library/Java/JavaVirtualMachines/jdk1.8.0_65.jdk/Contents/Home/jre/lib/server/libjvm.dylib at 0x000000010a600000
RDX=0x0000000120bbca8b is pointing into the stack for thread: 0x00007fd843026000
RSP=0x0000000120bbc9d0 is pointing into the stack for thread: 0x00007fd843026000
RBP=0x0000000120bbc9e0 is pointing into the stack for thread: 0x00007fd843026000
RSI=0x00007fd843026000 is a thread
RDI=0xb000000000000000 is an unknown value
R8 =0x0000000000000000 is an unknown value
R9 =0x00007fd841600000 is an unknown value
R10=0x0000000000000010 is an unknown value
R11=0x00007fd841600000 is an unknown value
R12=0x00007fd843026000 is a thread
R13=0xb000000000000000 is an unknown value
R14=0xb000000000000000 is an unknown value
R15=0x00007fd841600c70 is an unknown value


Stack: [0x0000000120abd000,0x0000000120bbd000],  sp=0x0000000120bbc9d0,  free space=1022k
Native frames: (J=compiled Java code, j=interpreted, Vv=VM code, C=native code)
V  [libjvm.dylib+0x446908]  Method::checked_resolve_jmethod_id(_jmethodID*)+0xe
V  [libjvm.dylib+0x355a02]  jvmti_IsMethodSynthetic+0xb2
C  [libjdwp.dylib+0x20780]  isMethodSynthetic+0x63
C  [libjdwp.dylib+0x51f3]  methods1+0x10b
C  [libjdwp.dylib+0x52ec]  methodsWithGeneric+0xe
C  [libjdwp.dylib+0xe898]  debugLoop_run+0x1ce
C  [libjdwp.dylib+0x1f6ba]  attachThread+0x4d
V  [libjvm.dylib+0x396d60]  JvmtiAgentThread::call_start_function()+0x38
V  [libjvm.dylib+0x5612d3]  JavaThread::thread_main_inner()+0x9b
V  [libjvm.dylib+0x5629ce]  JavaThread::run()+0x1c2
V  [libjvm.dylib+0x48342e]  java_start(Thread*)+0xf6
C  [libsystem_pthread.dylib+0x405a]  _pthread_body+0x83
C  [libsystem_pthread.dylib+0x3fd7]  _pthread_body+0x0
C  [libsystem_pthread.dylib+0x13ed]  thread_start+0xd
C  0x0000000000000000


---------------  P R O C E S S  ---------------

Java Threads: ( => current thread )
  0x00007fd84280e000 JavaThread "Service Thread" daemon [_thread_blocked, id=19715, stack(0x00000001210cf000,0x00000001211cf000)]
  0x00007fd842056000 JavaThread "C1 CompilerThread2" daemon [_thread_blocked, id=19203, stack(0x0000000120fcc000,0x00000001210cc000)]
  0x00007fd842055800 JavaThread "C2 CompilerThread1" daemon [_thread_blocked, id=18691, stack(0x0000000120ec9000,0x0000000120fc9000)]
  0x00007fd84280c800 JavaThread "C2 CompilerThread0" daemon [_thread_blocked, id=18179, stack(0x0000000120dc6000,0x0000000120ec6000)]
  0x00007fd84203d800 JavaThread "JDWP Command Reader" daemon [_thread_in_native, id=17667, stack(0x0000000120cc3000,0x0000000120dc3000)]
  0x00007fd84203c800 JavaThread "JDWP Event Helper Thread" daemon [_thread_blocked, id=17155, stack(0x0000000120bc0000,0x0000000120cc0000)]
=>0x00007fd843026000 JavaThread "JDWP Transport Listener: dt_socket" daemon [_thread_in_vm, id=16643, stack(0x0000000120abd000,0x0000000120bbd000)]
  0x00007fd842008800 JavaThread "Signal Dispatcher" daemon [_thread_blocked, id=12567, stack(0x00000001209b3000,0x0000000120ab3000)]
  0x00007fd842036800 JavaThread "Finalizer" daemon [_thread_blocked, id=11523, stack(0x000000011ef95000,0x000000011f095000)]
  0x00007fd842035800 JavaThread "Reference Handler" daemon [_thread_blocked, id=11011, stack(0x000000011ee92000,0x000000011ef92000)]
  0x00007fd84180a800 JavaThread "main" [_thread_blocked, id=4867, stack(0x0000000109c56000,0x0000000109d56000)]

Other Threads:
  0x00007fd842033000 VMThread [stack: 0x000000011ed8f000,0x000000011ee8f000] [id=10499]
  0x00007fd842048000 WatcherThread [stack: 0x00000001211d2000,0x00000001212d2000] [id=20227]

VM state:not at safepoint (normal execution)

VM Mutex/Monitor currently owned by a thread: None

Heap:
 PSYoungGen      total 18944K, used 1638K [0x00000007aab00000, 0x00000007ac000000, 0x00000007c0000000)
  eden space 16384K, 10% used [0x00000007aab00000,0x00000007aac99ab8,0x00000007abb00000)
  from space 2560K, 0% used [0x00000007abd80000,0x00000007abd80000,0x00000007ac000000)
  to   space 2560K, 0% used [0x00000007abb00000,0x00000007abb00000,0x00000007abd80000)
 ParOldGen       total 44032K, used 0K [0x0000000780000000, 0x0000000782b00000, 0x00000007aab00000)
  object space 44032K, 0% used [0x0000000780000000,0x0000000780000000,0x0000000782b00000)
 Metaspace       used 2869K, capacity 4728K, committed 4864K, reserved 1056768K
  class space    used 305K, capacity 424K, committed 512K, reserved 1048576K

Card table byte_map: [0x000000011a949000,0x000000011ab4a000] byte_map_base: 0x0000000116d49000

Marking Bits: (ParMarkBitMap*) 0x000000010aedee20
 Begin Bits: [0x000000011b0ac000, 0x000000011c0ac000)
 End Bits:   [0x000000011c0ac000, 0x000000011d0ac000)

Polling page: 0x0000000109d9b000

CodeCache: size=245760Kb used=1092Kb max_used=1092Kb free=244667Kb
 bounds [0x000000010b589000, 0x000000010b7f9000, 0x000000011a589000]
 total_blobs=248 nmethods=26 adapters=145
 compilation: enabled

Compilation events (10 events):
Event: 0.487 Thread 0x00007fd842056000   22       3       java.nio.CharBuffer::arrayOffset (35 bytes)
Event: 0.487 Thread 0x00007fd842056000 nmethod 22 0x000000010b697d10 code [0x000000010b697ea0, 0x000000010b698198]
Event: 0.487 Thread 0x00007fd842056000   23       3       java.util.Arrays::copyOfRange (63 bytes)
Event: 0.488 Thread 0x00007fd842056000 nmethod 23 0x000000010b6982d0 code [0x000000010b698500, 0x000000010b699058]
Event: 0.488 Thread 0x00007fd842056000   24       3       java.nio.charset.CoderResult::isUnderflow (13 bytes)
Event: 0.488 Thread 0x00007fd842056000 nmethod 24 0x000000010b699610 code [0x000000010b699780, 0x000000010b699930]
Event: 0.488 Thread 0x00007fd842056000   25       3       java.nio.ByteBuffer::array (35 bytes)
Event: 0.488 Thread 0x00007fd842056000 nmethod 25 0x000000010b699990 code [0x000000010b699b20, 0x000000010b699e18]
Event: 0.488 Thread 0x00007fd842056000   26       1       sun.nio.cs.StreamEncoder::isOpen (5 bytes)
Event: 0.488 Thread 0x00007fd842056000 nmethod 26 0x000000010b699f50 code [0x000000010b69a0a0, 0x000000010b69a1b0]

GC Heap History (0 events):
No events

Deoptimization events (0 events):
No events

Internal exceptions (2 events):
Event: 0.118 Thread 0x00007fd84180a800 Exception <a 'java/lang/NoSuchMethodError': Method sun.misc.Unsafe.defineClass(Ljava/lang/String;[BII)Ljava/lang/Class; name or signature does not match> (0x00000007aab12f10) thrown at [/Users/java_re/workspace/8-2-build-macosx-x86_64/jdk8u65/4987/hotspot
Event: 0.118 Thread 0x00007fd84180a800 Exception <a 'java/lang/NoSuchMethodError': Method sun.misc.Unsafe.prefetchRead(Ljava/lang/Object;J)V name or signature does not match> (0x00000007aab131f8) thrown at [/Users/java_re/workspace/8-2-build-macosx-x86_64/jdk8u65/4987/hotspot/src/share/vm/prim

Events (10 events):
Event: 7058.119 Executing VM operation: GetCurrentLocation
Event: 7058.119 Executing VM operation: GetCurrentLocation done
Event: 7058.119 Executing VM operation: EnterInterpOnlyMode
Event: 7058.119 Executing VM operation: EnterInterpOnlyMode done
Event: 7058.119 Executing VM operation: ChangeSingleStep
Event: 7058.119 Executing VM operation: ChangeSingleStep done
Event: 7058.120 Executing VM operation: ChangeSingleStep
Event: 7058.120 Executing VM operation: ChangeSingleStep done
Event: 7058.124 Executing VM operation: RedefineClasses
Event: 7058.124 Executing VM operation: RedefineClasses done


Dynamic libraries:
0x000000000399e000 	/System/Library/Frameworks/Cocoa.framework/Versions/A/Cocoa
0x000000000399e000 	/System/Library/Frameworks/Security.framework/Versions/A/Security
0x000000000399e000 	/System/Library/Frameworks/ApplicationServices.framework/Versions/A/ApplicationServices
0x000000000399e000 	/usr/lib/libz.1.dylib
0x000000000399e000 	/usr/lib/libSystem.B.dylib
0x000000000399e000 	/usr/lib/libobjc.A.dylib
0x000000000399e000 	/System/Library/Frameworks/CoreFoundation.framework/Versions/A/CoreFoundation
0x000000000399e000 	/System/Library/Frameworks/Foundation.framework/Versions/C/Foundation
0x000000000399e000 	/System/Library/Frameworks/AppKit.framework/Versions/C/AppKit
0x000000000399e000 	/System/Library/Frameworks/CoreData.framework/Versions/A/CoreData
0x000000000399e000 	/System/Library/PrivateFrameworks/RemoteViewServices.framework/Versions/A/RemoteViewServices
0x000000000399e000 	/System/Library/PrivateFrameworks/UIFoundation.framework/Versions/A/UIFoundation
0x000000000399e000 	/System/Library/Frameworks/IOSurface.framework/Versions/A/IOSurface
0x000000000399e000 	/System/Library/Frameworks/AudioToolbox.framework/Versions/A/AudioToolbox
0x000000000399e000 	/System/Library/Frameworks/AudioUnit.framework/Versions/A/AudioUnit
0x000000000399e000 	/System/Library/PrivateFrameworks/DataDetectorsCore.framework/Versions/A/DataDetectorsCore
0x000000000399e000 	/System/Library/PrivateFrameworks/DesktopServicesPriv.framework/Versions/A/DesktopServicesPriv
0x000000000399e000 	/System/Library/Frameworks/Carbon.framework/Versions/A/Frameworks/HIToolbox.framework/Versions/A/HIToolbox
0x000000000399e000 	/System/Library/Frameworks/QuartzCore.framework/Versions/A/QuartzCore
0x000000000399e000 	/System/Library/Frameworks/Carbon.framework/Versions/A/Frameworks/SpeechRecognition.framework/Versions/A/SpeechRecognition
0x000000000399e000 	/usr/lib/libauto.dylib
0x000000000399e000 	/usr/lib/libicucore.A.dylib
0x000000000399e000 	/usr/lib/libxml2.2.dylib
0x000000000399e000 	/System/Library/PrivateFrameworks/CoreUI.framework/Versions/A/CoreUI
0x000000000399e000 	/System/Library/Frameworks/CoreAudio.framework/Versions/A/CoreAudio
0x000000000399e000 	/System/Library/Frameworks/DiskArbitration.framework/Versions/A/DiskArbitration
0x000000000399e000 	/usr/lib/liblangid.dylib
0x000000000399e000 	/System/Library/PrivateFrameworks/MultitouchSupport.framework/Versions/A/MultitouchSupport
0x000000000399e000 	/System/Library/Frameworks/IOKit.framework/Versions/A/IOKit
0x000000000399e000 	/usr/lib/libDiagnosticMessagesClient.dylib
0x000000000399e000 	/System/Library/Frameworks/CoreServices.framework/Versions/A/CoreServices
0x000000000399e000 	/System/Library/PrivateFrameworks/PerformanceAnalysis.framework/Versions/A/PerformanceAnalysis
0x000000000399e000 	/System/Library/PrivateFrameworks/GenerationalStorage.framework/Versions/A/GenerationalStorage
0x000000000399e000 	/System/Library/Frameworks/OpenGL.framework/Versions/A/OpenGL
0x000000000399e000 	/System/Library/PrivateFrameworks/Sharing.framework/Versions/A/Sharing
0x000000000399e000 	/System/Library/Frameworks/CoreGraphics.framework/Versions/A/CoreGraphics
0x000000000399e000 	/System/Library/Frameworks/CoreText.framework/Versions/A/CoreText
0x000000000399e000 	/System/Library/Frameworks/ImageIO.framework/Versions/A/ImageIO
0x000000000399e000 	/usr/lib/libextension.dylib
0x000000000399e000 	/System/Library/PrivateFrameworks/Backup.framework/Versions/A/Backup
0x000000000399e000 	/usr/lib/libarchive.2.dylib
0x000000000399e000 	/System/Library/Frameworks/CFNetwork.framework/Versions/A/CFNetwork
0x000000000399e000 	/System/Library/Frameworks/SystemConfiguration.framework/Versions/A/SystemConfiguration
0x000000000399e000 	/usr/lib/libCRFSuite.dylib
0x000000000399e000 	/usr/lib/libc++.1.dylib
0x000000000399e000 	/usr/lib/libc++abi.dylib
0x000000000399e000 	/usr/lib/system/libcache.dylib
0x000000000399e000 	/usr/lib/system/libcommonCrypto.dylib
0x000000000399e000 	/usr/lib/system/libcompiler_rt.dylib
0x000000000399e000 	/usr/lib/system/libcopyfile.dylib
0x000000000399e000 	/usr/lib/system/libcorecrypto.dylib
0x000000000399e000 	/usr/lib/system/libdispatch.dylib
0x000000000399e000 	/usr/lib/system/libdyld.dylib
0x000000000399e000 	/usr/lib/system/libkeymgr.dylib
0x000000000399e000 	/usr/lib/system/liblaunch.dylib
0x000000000399e000 	/usr/lib/system/libmacho.dylib
0x000000000399e000 	/usr/lib/system/libquarantine.dylib
0x000000000399e000 	/usr/lib/system/libremovefile.dylib
0x000000000399e000 	/usr/lib/system/libsystem_asl.dylib
0x000000000399e000 	/usr/lib/system/libsystem_blocks.dylib
0x000000000399e000 	/usr/lib/system/libsystem_c.dylib
0x000000000399e000 	/usr/lib/system/libsystem_configuration.dylib
0x000000000399e000 	/usr/lib/system/libsystem_coreservices.dylib
0x000000000399e000 	/usr/lib/system/libsystem_coretls.dylib
0x000000000399e000 	/usr/lib/system/libsystem_dnssd.dylib
0x000000000399e000 	/usr/lib/system/libsystem_info.dylib
0x000000000399e000 	/usr/lib/system/libsystem_kernel.dylib
0x000000000399e000 	/usr/lib/system/libsystem_m.dylib
0x000000000399e000 	/usr/lib/system/libsystem_malloc.dylib
0x000000000399e000 	/usr/lib/system/libsystem_network.dylib
0x000000000399e000 	/usr/lib/system/libsystem_networkextension.dylib
0x000000000399e000 	/usr/lib/system/libsystem_notify.dylib
0x000000000399e000 	/usr/lib/system/libsystem_platform.dylib
0x000000000399e000 	/usr/lib/system/libsystem_pthread.dylib
0x000000000399e000 	/usr/lib/system/libsystem_sandbox.dylib
0x000000000399e000 	/usr/lib/system/libsystem_secinit.dylib
0x000000000399e000 	/usr/lib/system/libsystem_stats.dylib
0x000000000399e000 	/usr/lib/system/libsystem_trace.dylib
0x000000000399e000 	/usr/lib/system/libunc.dylib
0x000000000399e000 	/usr/lib/system/libunwind.dylib
0x000000000399e000 	/usr/lib/system/libxpc.dylib
0x000000000399e000 	/usr/lib/libbz2.1.0.dylib
0x000000000399e000 	/usr/lib/liblzma.5.dylib
0x000000000399e000 	/usr/lib/libbsm.0.dylib
0x000000000399e000 	/usr/lib/libsqlite3.dylib
0x000000000399e000 	/usr/lib/system/libkxld.dylib
0x000000000399e000 	/usr/lib/libxar.1.dylib
0x000000000399e000 	/usr/lib/libpam.2.dylib
0x000000000399e000 	/usr/lib/libOpenScriptingUtil.dylib
0x000000000399e000 	/System/Library/Frameworks/CoreServices.framework/Versions/A/Frameworks/FSEvents.framework/Versions/A/FSEvents
0x000000000399e000 	/System/Library/Frameworks/CoreServices.framework/Versions/A/Frameworks/CarbonCore.framework/Versions/A/CarbonCore
0x000000000399e000 	/System/Library/Frameworks/CoreServices.framework/Versions/A/Frameworks/Metadata.framework/Versions/A/Metadata
0x000000000399e000 	/System/Library/Frameworks/CoreServices.framework/Versions/A/Frameworks/OSServices.framework/Versions/A/OSServices
0x000000000399e000 	/System/Library/Frameworks/CoreServices.framework/Versions/A/Frameworks/SearchKit.framework/Versions/A/SearchKit
0x000000000399e000 	/System/Library/Frameworks/CoreServices.framework/Versions/A/Frameworks/AE.framework/Versions/A/AE
0x000000000399e000 	/System/Library/Frameworks/CoreServices.framework/Versions/A/Frameworks/LaunchServices.framework/Versions/A/LaunchServices
0x000000000399e000 	/System/Library/Frameworks/CoreServices.framework/Versions/A/Frameworks/DictionaryServices.framework/Versions/A/DictionaryServices
0x000000000399e000 	/System/Library/Frameworks/NetFS.framework/Versions/A/NetFS
0x000000000399e000 	/System/Library/PrivateFrameworks/NetAuth.framework/Versions/A/NetAuth
0x000000000399e000 	/System/Library/PrivateFrameworks/login.framework/Versions/A/Frameworks/loginsupport.framework/Versions/A/loginsupport
0x000000000399e000 	/System/Library/PrivateFrameworks/TCC.framework/Versions/A/TCC
0x000000000399e000 	/usr/lib/libmecabra.dylib
0x000000000399e000 	/System/Library/Frameworks/ApplicationServices.framework/Versions/A/Frameworks/ATS.framework/Versions/A/ATS
0x000000000399e000 	/System/Library/Frameworks/ApplicationServices.framework/Versions/A/Frameworks/ColorSync.framework/Versions/A/ColorSync
0x000000000399e000 	/System/Library/Frameworks/ApplicationServices.framework/Versions/A/Frameworks/HIServices.framework/Versions/A/HIServices
0x000000000399e000 	/System/Library/Frameworks/ApplicationServices.framework/Versions/A/Frameworks/LangAnalysis.framework/Versions/A/LangAnalysis
0x000000000399e000 	/System/Library/Frameworks/ApplicationServices.framework/Versions/A/Frameworks/PrintCore.framework/Versions/A/PrintCore
0x000000000399e000 	/System/Library/Frameworks/ApplicationServices.framework/Versions/A/Frameworks/QD.framework/Versions/A/QD
0x000000000399e000 	/System/Library/Frameworks/ApplicationServices.framework/Versions/A/Frameworks/SpeechSynthesis.framework/Versions/A/SpeechSynthesis
0x000000000399e000 	/System/Library/Frameworks/Accelerate.framework/Versions/A/Accelerate
0x000000000399e000 	/System/Library/Frameworks/Accelerate.framework/Versions/A/Frameworks/vImage.framework/Versions/A/vImage
0x000000000399e000 	/System/Library/Frameworks/Accelerate.framework/Versions/A/Frameworks/vecLib.framework/Versions/A/vecLib
0x000000000399e000 	/System/Library/Frameworks/Accelerate.framework/Versions/A/Frameworks/vecLib.framework/Versions/A/libvDSP.dylib
0x000000000399e000 	/System/Library/Frameworks/Accelerate.framework/Versions/A/Frameworks/vecLib.framework/Versions/A/libvMisc.dylib
0x000000000399e000 	/System/Library/Frameworks/Accelerate.framework/Versions/A/Frameworks/vecLib.framework/Versions/A/libLAPACK.dylib
0x000000000399e000 	/System/Library/Frameworks/Accelerate.framework/Versions/A/Frameworks/vecLib.framework/Versions/A/libBLAS.dylib
0x000000000399e000 	/System/Library/Frameworks/Accelerate.framework/Versions/A/Frameworks/vecLib.framework/Versions/A/libLinearAlgebra.dylib
0x000000000399e000 	/System/Library/Frameworks/ApplicationServices.framework/Versions/A/Frameworks/ATS.framework/Versions/A/Resources/libFontParser.dylib
0x000000000399e000 	/System/Library/Frameworks/ApplicationServices.framework/Versions/A/Frameworks/ATS.framework/Versions/A/Resources/libFontRegistry.dylib
0x000000000399e000 	/System/Library/PrivateFrameworks/AppleVPA.framework/Versions/A/AppleVPA
0x000000000399e000 	/System/Library/PrivateFrameworks/AppleJPEG.framework/Versions/A/AppleJPEG
0x000000000399e000 	/System/Library/Frameworks/ImageIO.framework/Versions/A/Resources/libJPEG.dylib
0x000000000399e000 	/System/Library/Frameworks/ImageIO.framework/Versions/A/Resources/libTIFF.dylib
0x000000000399e000 	/System/Library/Frameworks/ImageIO.framework/Versions/A/Resources/libPng.dylib
0x000000000399e000 	/System/Library/Frameworks/ImageIO.framework/Versions/A/Resources/libGIF.dylib
0x000000000399e000 	/System/Library/Frameworks/ImageIO.framework/Versions/A/Resources/libJP2.dylib
0x000000000399e000 	/System/Library/Frameworks/ImageIO.framework/Versions/A/Resources/libRadiance.dylib
0x000000000399e000 	/System/Library/Frameworks/CoreVideo.framework/Versions/A/CoreVideo
0x000000000399e000 	/System/Library/Frameworks/OpenGL.framework/Versions/A/Libraries/libGLU.dylib
0x000000000399e000 	/System/Library/Frameworks/OpenGL.framework/Versions/A/Libraries/libGFXShared.dylib
0x000000000399e000 	/System/Library/Frameworks/OpenGL.framework/Versions/A/Libraries/libGL.dylib
0x000000000399e000 	/System/Library/Frameworks/OpenGL.framework/Versions/A/Libraries/libGLImage.dylib
0x000000000399e000 	/System/Library/Frameworks/OpenGL.framework/Versions/A/Libraries/libCVMSPluginSupport.dylib
0x000000000399e000 	/System/Library/Frameworks/OpenGL.framework/Versions/A/Libraries/libCoreVMClient.dylib
0x000000000399e000 	/usr/lib/libcups.2.dylib
0x000000000399e000 	/System/Library/Frameworks/Kerberos.framework/Versions/A/Kerberos
0x000000000399e000 	/System/Library/Frameworks/GSS.framework/Versions/A/GSS
0x000000000399e000 	/usr/lib/libresolv.9.dylib
0x000000000399e000 	/usr/lib/libiconv.2.dylib
0x000000000399e000 	/System/Library/PrivateFrameworks/Heimdal.framework/Versions/A/Heimdal
0x000000000399e000 	/usr/lib/libheimdal-asn1.dylib
0x000000000399e000 	/System/Library/Frameworks/OpenDirectory.framework/Versions/A/OpenDirectory
0x000000000399e000 	/System/Library/PrivateFrameworks/CommonAuth.framework/Versions/A/CommonAuth
0x000000000399e000 	/System/Library/Frameworks/OpenDirectory.framework/Versions/A/Frameworks/CFOpenDirectory.framework/Versions/A/CFOpenDirectory
0x000000000399e000 	/System/Library/Frameworks/SecurityFoundation.framework/Versions/A/SecurityFoundation
0x000000000399e000 	/System/Library/PrivateFrameworks/LanguageModeling.framework/Versions/A/LanguageModeling
0x000000000399e000 	/usr/lib/libcmph.dylib
0x000000000399e000 	/System/Library/Frameworks/ServiceManagement.framework/Versions/A/ServiceManagement
0x000000000399e000 	/usr/lib/libxslt.1.dylib
0x000000000399e000 	/System/Library/Frameworks/Carbon.framework/Versions/A/Frameworks/Ink.framework/Versions/A/Ink
0x000000000399e000 	/System/Library/Frameworks/QuartzCore.framework/Versions/A/Frameworks/CoreImage.framework/Versions/A/CoreImage
0x000000000399e000 	/System/Library/PrivateFrameworks/CrashReporterSupport.framework/Versions/A/CrashReporterSupport
0x000000000399e000 	/System/Library/Frameworks/OpenCL.framework/Versions/A/OpenCL
0x000000000399e000 	/System/Library/PrivateFrameworks/FaceCore.framework/Versions/A/FaceCore
0x000000000399e000 	/System/Library/PrivateFrameworks/Ubiquity.framework/Versions/A/Ubiquity
0x000000000399e000 	/System/Library/PrivateFrameworks/IconServices.framework/Versions/A/IconServices
0x000000000399e000 	/System/Library/PrivateFrameworks/ChunkingLibrary.framework/Versions/A/ChunkingLibrary
0x000000000399e000 	/System/Library/PrivateFrameworks/Apple80211.framework/Versions/A/Apple80211
0x000000000399e000 	/System/Library/Frameworks/CoreWLAN.framework/Versions/A/CoreWLAN
0x000000000399e000 	/System/Library/Frameworks/IOBluetooth.framework/Versions/A/IOBluetooth
0x000000000399e000 	/System/Library/PrivateFrameworks/CoreWiFi.framework/Versions/A/CoreWiFi
0x000000000399e000 	/System/Library/Frameworks/CoreBluetooth.framework/Versions/A/CoreBluetooth
0x000000000399e000 	/System/Library/PrivateFrameworks/DebugSymbols.framework/Versions/A/DebugSymbols
0x000000000399e000 	/System/Library/PrivateFrameworks/CoreSymbolication.framework/Versions/A/CoreSymbolication
0x000000000399e000 	/System/Library/PrivateFrameworks/Symbolication.framework/Versions/A/Symbolication
0x000000000399e000 	/System/Library/PrivateFrameworks/SpeechRecognitionCore.framework/Versions/A/SpeechRecognitionCore
0x000000010a600000 	/Library/Java/JavaVirtualMachines/jdk1.8.0_65.jdk/Contents/Home/jre/lib/server/libjvm.dylib
0x000000000399e000 	/usr/lib/libstdc++.6.dylib
0x0000000109d58000 	/Library/Java/JavaVirtualMachines/jdk1.8.0_65.jdk/Contents/Home/jre/lib/libverify.dylib
0x0000000109d66000 	/Library/Java/JavaVirtualMachines/jdk1.8.0_65.jdk/Contents/Home/jre/lib/libjava.dylib
0x0000000109d9c000 	/Library/Java/JavaVirtualMachines/jdk1.8.0_65.jdk/Contents/Home/jre/lib/libjdwp.dylib
0x0000000109de7000 	/Library/Java/JavaVirtualMachines/jdk1.8.0_65.jdk/Contents/Home/jre/lib/libnpt.dylib
0x0000000109df4000 	/Library/Java/JavaVirtualMachines/jdk1.8.0_65.jdk/Contents/Home/jre/lib/libzip.dylib
0x000000011f097000 	/System/Library/Frameworks/JavaVM.framework/Frameworks/JavaRuntimeSupport.framework/JavaRuntimeSupport
0x000000011f0ad000 	/System/Library/Frameworks/JavaVM.framework/Versions/A/Frameworks/JavaNativeFoundation.framework/Versions/A/JavaNativeFoundation
0x000000011f0c1000 	/System/Library/Frameworks/JavaVM.framework/Versions/A/JavaVM
0x000000000399e000 	/System/Library/Frameworks/Carbon.framework/Versions/A/Carbon
0x000000011f0cd000 	/System/Library/PrivateFrameworks/JavaLaunching.framework/Versions/A/JavaLaunching
0x000000000399e000 	/System/Library/Frameworks/Carbon.framework/Versions/A/Frameworks/CommonPanels.framework/Versions/A/CommonPanels
0x000000000399e000 	/System/Library/Frameworks/Carbon.framework/Versions/A/Frameworks/Help.framework/Versions/A/Help
0x000000000399e000 	/System/Library/Frameworks/Carbon.framework/Versions/A/Frameworks/ImageCapture.framework/Versions/A/ImageCapture
0x000000000399e000 	/System/Library/Frameworks/Carbon.framework/Versions/A/Frameworks/OpenScripting.framework/Versions/A/OpenScripting
0x000000000399e000 	/System/Library/Frameworks/Carbon.framework/Versions/A/Frameworks/Print.framework/Versions/A/Print
0x000000000399e000 	/System/Library/Frameworks/Carbon.framework/Versions/A/Frameworks/SecurityHI.framework/Versions/A/SecurityHI
0x0000000120ab5000 	/Library/Java/JavaVirtualMachines/jdk1.8.0_65.jdk/Contents/Home/jre/lib/libdt_socket.dylib

VM Arguments:
jvm_args: -agentlib:jdwp=transport=dt_socket,suspend=y,address=localhost:51208 -Dfile.encoding=UTF-8 
java_command: LinkedListTests
java_class_path (initial): /Users/Varun/Documents/workspace/Get In Line Part II/bin
Launcher Type: SUN_STANDARD

Environment Variables:
PATH=/usr/bin:/bin:/usr/sbin:/sbin
SHELL=/bin/bash

Signal Handlers:
SIGSEGV: [libjvm.dylib+0x5a6d31], sa_mask[0]=11111111011111110111111111111111, sa_flags=SA_ONSTACK|SA_RESTART|SA_SIGINFO
SIGBUS: [libjvm.dylib+0x5a6d31], sa_mask[0]=11111111011111110111111111111111, sa_flags=SA_RESTART|SA_SIGINFO
SIGFPE: [libjvm.dylib+0x480a40], sa_mask[0]=11111111011111110111111111111111, sa_flags=SA_RESTART|SA_SIGINFO
SIGPIPE: [libjvm.dylib+0x480a40], sa_mask[0]=11111111011111110111111111111111, sa_flags=SA_RESTART|SA_SIGINFO
SIGXFSZ: [libjvm.dylib+0x480a40], sa_mask[0]=11111111011111110111111111111111, sa_flags=SA_RESTART|SA_SIGINFO
SIGILL: [libjvm.dylib+0x480a40], sa_mask[0]=11111111011111110111111111111111, sa_flags=SA_RESTART|SA_SIGINFO
SIGUSR1: SIG_DFL, sa_mask[0]=00000000000000000000000000000000, sa_flags=none
SIGUSR2: [libjvm.dylib+0x48055e], sa_mask[0]=00100000000000000000000000000000, sa_flags=SA_RESTART|SA_SIGINFO
SIGHUP: [libjvm.dylib+0x47eb35], sa_mask[0]=11111111011111110111111111111111, sa_flags=SA_RESTART|SA_SIGINFO
SIGINT: [libjvm.dylib+0x47eb35], sa_mask[0]=11111111011111110111111111111111, sa_flags=SA_RESTART|SA_SIGINFO
SIGTERM: [libjvm.dylib+0x47eb35], sa_mask[0]=11111111011111110111111111111111, sa_flags=SA_RESTART|SA_SIGINFO
SIGQUIT: [libjvm.dylib+0x47eb35], sa_mask[0]=11111111011111110111111111111111, sa_flags=SA_RESTART|SA_SIGINFO


---------------  S Y S T E M  ---------------

OS:Bsduname:Darwin 14.5.0 Darwin Kernel Version 14.5.0: Tue Sep  1 21:23:09 PDT 2015; root:xnu-2782.50.1~1/RELEASE_X86_64 x86_64
rlimit: STACK 8192k, CORE 0k, NPROC 709, NOFILE 10240, AS infinity
load average:1.46 1.63 1.67

CPU:total 4 (2 cores per cpu, 2 threads per core) family 6 model 69 stepping 1, cmov, cx8, fxsr, mmx, sse, sse2, sse3, ssse3, sse4.1, sse4.2, popcnt, avx, avx2, aes, clmul, erms, lzcnt, ht, tsc, tscinvbit, bmi1, bmi2

Memory: 4k page, physical 4194304k(684420k free)

/proc/meminfo:


vm_info: Java HotSpot(TM) 64-Bit Server VM (25.65-b01) for bsd-amd64 JRE (1.8.0_65-b17), built on Oct  6 2015 15:36:46 by "java_re" with gcc 4.2.1 (Based on Apple Inc. build 5658) (LLVM build 2336.11.00)

time: Thu Feb 11 21:45:09 2016
elapsed time: 7058 seconds (0d 1h 57m 38s)

